# JRE version: Java(TM) SE Runtime Environment (8.0_111-b14) (build 1.8.0_111-b14)
# Java VM: Java HotSpot(TM) 64-Bit Server VM (25.111-b14 mixed mode linux-amd64 compressed oops)
Heap:
 PSYoungGen      total 332800K, used 24288K [0x00000000e1900000, 0x0000000100000000, 0x0000000100000000)
  eden space 166912K, 0% used [0x00000000e1900000,0x00000000e1900000,0x00000000ebc00000)
  from space 165888K, 14% used [0x00000000f5e00000,0x00000000f75b8268,0x0000000100000000)
  to   space 165888K, 0% used [0x00000000ebc00000,0x00000000ebc00000,0x00000000f5e00000)
 ParOldGen       total 791040K, used 790812K [0x00000000a4a00000, 0x00000000d4e80000, 0x00000000e1900000)
  object space 791040K, 99% used [0x00000000a4a00000,0x00000000d4e47218,0x00000000d4e80000)
 Metaspace       used 6765K, capacity 7030K, committed 7168K, reserved 1056768K
  class space    used 820K, capacity 935K, committed 1024K, reserved 1048576K
GC Heap History (10 events):
Event: 2.572 GC heap after
Heap after GC invocations=18 (full 5):
 PSYoungGen      total 344064K, used 137472K [0x00000000e1900000, 0x0000000100000000, 0x0000000100000000)
  eden space 206336K, 0% used [0x00000000e1900000,0x00000000e1900000,0x00000000ee280000)
  from space 137728K, 99% used [0x00000000ee280000,0x00000000f68c0000,0x00000000f6900000)
  to   space 154624K, 0% used [0x00000000f6900000,0x00000000f6900000,0x0000000100000000)
 ParOldGen       total 596992K, used 449193K [0x00000000a4a00000, 0x00000000c9100000, 0x00000000e1900000)
  object space 596992K, 75% used [0x00000000a4a00000,0x00000000c00aa6c8,0x00000000c9100000)
 Metaspace       used 6765K, capacity 7030K, committed 7168K, reserved 1056768K
  class space    used 820K, capacity 935K, committed 1024K, reserved 1048576K
}
Event: 2.661 GC heap before
{Heap before GC invocations=19 (full 5):
 PSYoungGen      total 344064K, used 343808K [0x00000000e1900000, 0x0000000100000000, 0x0000000100000000)
  eden space 206336K, 100% used [0x00000000e1900000,0x00000000ee280000,0x00000000ee280000)
  from space 137728K, 99% used [0x00000000ee280000,0x00000000f68c0000,0x00000000f6900000)
  to   space 154624K, 0% used [0x00000000f6900000,0x00000000f6900000,0x0000000100000000)
 ParOldGen       total 596992K, used 449193K [0x00000000a4a00000, 0x00000000c9100000, 0x00000000e1900000)
  object space 596992K, 75% used [0x00000000a4a00000,0x00000000c00aa6c8,0x00000000c9100000)
 Metaspace       used 6765K, capacity 7030K, committed 7168K, reserved 1056768K
  class space    used 820K, capacity 935K, committed 1024K, reserved 1048576K
Event: 2.817 GC heap after
Heap after GC invocations=19 (full 5):
 PSYoungGen      total 321536K, used 134016K [0x00000000e1900000, 0x0000000100000000, 0x0000000100000000)
  eden space 166912K, 0% used [0x00000000e1900000,0x00000000e1900000,0x00000000ebc00000)
  from space 154624K, 86% used [0x00000000f6900000,0x00000000febe0000,0x0000000100000000)
  to   space 165888K, 0% used [0x00000000ebc00000,0x00000000ebc00000,0x00000000f5e00000)
 ParOldGen       total 596992K, used 550375K [0x00000000a4a00000, 0x00000000c9100000, 0x00000000e1900000)
  object space 596992K, 92% used [0x00000000a4a00000,0x00000000c6379c70,0x00000000c9100000)
 Metaspace       used 6765K, capacity 7030K, committed 7168K, reserved 1056768K
  class space    used 820K, capacity 935K, committed 1024K, reserved 1048576K
}
Event: 2.817 GC heap before
{Heap before GC invocations=20 (full 6):
 PSYoungGen      total 321536K, used 134016K [0x00000000e1900000, 0x0000000100000000, 0x0000000100000000)
  eden space 166912K, 0% used [0x00000000e1900000,0x00000000e1900000,0x00000000ebc00000)
  from space 154624K, 86% used [0x00000000f6900000,0x00000000febe0000,0x0000000100000000)
  to   space 165888K, 0% used [0x00000000ebc00000,0x00000000ebc00000,0x00000000f5e00000)
 ParOldGen       total 596992K, used 550375K [0x00000000a4a00000, 0x00000000c9100000, 0x00000000e1900000)
  object space 596992K, 92% used [0x00000000a4a00000,0x00000000c6379c70,0x00000000c9100000)
 Metaspace       used 6765K, capacity 7030K, committed 7168K, reserved 1056768K
  class space    used 820K, capacity 935K, committed 1024K, reserved 1048576K
Event: 2.979 GC heap after
Heap after GC invocations=20 (full 6):
 PSYoungGen      total 321536K, used 54899K [0x00000000e1900000, 0x0000000100000000, 0x0000000100000000)
  eden space 166912K, 0% used [0x00000000e1900000,0x00000000e1900000,0x00000000ebc00000)
  from space 154624K, 35% used [0x00000000f6900000,0x00000000f9e9ce00,0x0000000100000000)
  to   space 165888K, 0% used [0x00000000ebc00000,0x00000000ebc00000,0x00000000f5e00000)
 ParOldGen       total 791040K, used 596636K [0x00000000a4a00000, 0x00000000d4e80000, 0x00000000e1900000)
  object space 791040K, 75% used [0x00000000a4a00000,0x00000000c90a7120,0x00000000d4e80000)
 Metaspace       used 6765K, capacity 7030K, committed 7168K, reserved 1056768K
  class space    used 820K, capacity 935K, committed 1024K, reserved 1048576K
}
Event: 3.046 GC heap before
{Heap before GC invocations=21 (full 6):
 PSYoungGen      total 321536K, used 221811K [0x00000000e1900000, 0x0000000100000000, 0x0000000100000000)
  eden space 166912K, 100% used [0x00000000e1900000,0x00000000ebc00000,0x00000000ebc00000)
  from space 154624K, 35% used [0x00000000f6900000,0x00000000f9e9ce00,0x0000000100000000)
  to   space 165888K, 0% used [0x00000000ebc00000,0x00000000ebc00000,0x00000000f5e00000)
 ParOldGen       total 791040K, used 596636K [0x00000000a4a00000, 0x00000000d4e80000, 0x00000000e1900000)
  object space 791040K, 75% used [0x00000000a4a00000,0x00000000c90a7120,0x00000000d4e80000)
 Metaspace       used 6765K, capacity 7030K, committed 7168K, reserved 1056768K
  class space    used 820K, capacity 935K, committed 1024K, reserved 1048576K
Event: 3.116 GC heap after
Heap after GC invocations=21 (full 6):
 PSYoungGen      total 332800K, used 101201K [0x00000000e1900000, 0x0000000100000000, 0x0000000100000000)
  eden space 166912K, 0% used [0x00000000e1900000,0x00000000e1900000,0x00000000ebc00000)
  from space 165888K, 61% used [0x00000000ebc00000,0x00000000f1ed4518,0x00000000f5e00000)
  to   space 165888K, 0% used [0x00000000f5e00000,0x00000000f5e00000,0x0000000100000000)
 ParOldGen       total 791040K, used 651546K [0x00000000a4a00000, 0x00000000d4e80000, 0x00000000e1900000)
  object space 791040K, 82% used [0x00000000a4a00000,0x00000000cc646bb0,0x00000000d4e80000)
 Metaspace       used 6765K, capacity 7030K, committed 7168K, reserved 1056768K
  class space    used 820K, capacity 935K, committed 1024K, reserved 1048576K
}
Event: 3.184 GC heap before
{Heap before GC invocations=22 (full 6):
 PSYoungGen      total 332800K, used 268113K [0x00000000e1900000, 0x0000000100000000, 0x0000000100000000)
  eden space 166912K, 100% used [0x00000000e1900000,0x00000000ebc00000,0x00000000ebc00000)
  from space 165888K, 61% used [0x00000000ebc00000,0x00000000f1ed4518,0x00000000f5e00000)
  to   space 165888K, 0% used [0x00000000f5e00000,0x00000000f5e00000,0x0000000100000000)
 ParOldGen       total 791040K, used 651546K [0x00000000a4a00000, 0x00000000d4e80000, 0x00000000e1900000)
  object space 791040K, 82% used [0x00000000a4a00000,0x00000000cc646bb0,0x00000000d4e80000)
 Metaspace       used 6765K, capacity 7030K, committed 7168K, reserved 1056768K
  class space    used 820K, capacity 935K, committed 1024K, reserved 1048576K
Event: 3.258 GC heap after
Heap after GC invocations=22 (full 6):
 PSYoungGen      total 332800K, used 95424K [0x00000000e1900000, 0x0000000100000000, 0x0000000100000000)
  eden space 166912K, 0% used [0x00000000e1900000,0x00000000e1900000,0x00000000ebc00000)
  from space 165888K, 57% used [0x00000000f5e00000,0x00000000fbb30000,0x0000000100000000)
  to   space 165888K, 0% used [0x00000000ebc00000,0x00000000ebc00000,0x00000000f5e00000)
 ParOldGen       total 791040K, used 733721K [0x00000000a4a00000, 0x00000000d4e80000, 0x00000000e1900000)
  object space 791040K, 92% used [0x00000000a4a00000,0x00000000d1686720,0x00000000d4e80000)
 Metaspace       used 6765K, capacity 7030K, committed 7168K, reserved 1056768K
  class space    used 820K, capacity 935K, committed 1024K, reserved 1048576K
}
Event: 3.258 GC heap before
{Heap before GC invocations=23 (full 7):
 PSYoungGen      total 332800K, used 95424K [0x00000000e1900000, 0x0000000100000000, 0x0000000100000000)
  eden space 166912K, 0% used [0x00000000e1900000,0x00000000e1900000,0x00000000ebc00000)
  from space 165888K, 57% used [0x00000000f5e00000,0x00000000fbb30000,0x0000000100000000)
  to   space 165888K, 0% used [0x00000000ebc00000,0x00000000ebc00000,0x00000000f5e00000)
 ParOldGen       total 791040K, used 733721K [0x00000000a4a00000, 0x00000000d4e80000, 0x00000000e1900000)
  object space 791040K, 92% used [0x00000000a4a00000,0x00000000d1686720,0x00000000d4e80000)
 Metaspace       used 6765K, capacity 7030K, committed 7168K, reserved 1056768K
  class space    used 820K, capacity 935K, committed 1024K, reserved 1048576K

