# JRE version: Java(TM) SE Runtime Environment (8.0_111-b14) (build 1.8.0_111-b14)
# Java VM: Java HotSpot(TM) 64-Bit Server VM (25.111-b14 mixed mode linux-amd64 compressed oops)
Heap:
 PSYoungGen      total 332800K, used 0K [0x00000000e1900000, 0x0000000100000000, 0x0000000100000000)
  eden space 166912K, 0% used [0x00000000e1900000,0x00000000e1900000,0x00000000ebc00000)
  from space 165888K, 0% used [0x00000000ebc00000,0x00000000ebc00000,0x00000000f5e00000)
  to   space 165888K, 0% used [0x00000000f5e00000,0x00000000f5e00000,0x0000000100000000)
 ParOldGen       total 745984K, used 737404K [0x00000000a4a00000, 0x00000000d2280000, 0x00000000e1900000)
  object space 745984K, 98% used [0x00000000a4a00000,0x00000000d1a1f338,0x00000000d2280000)
 Metaspace       used 6707K, capacity 6950K, committed 7168K, reserved 1056768K
  class space    used 819K, capacity 935K, committed 1024K, reserved 1048576K
GC Heap History (10 events):
Event: 9.773 GC heap after
Heap after GC invocations=18 (full 6):
 PSYoungGen      total 334848K, used 29356K [0x00000000e1900000, 0x00000000fe780000, 0x0000000100000000)
  eden space 209408K, 0% used [0x00000000e1900000,0x00000000e1900000,0x00000000ee580000)
  from space 125440K, 23% used [0x00000000f6400000,0x00000000f80ab118,0x00000000fde80000)
  to   space 129536K, 0% used [0x00000000ee580000,0x00000000ee580000,0x00000000f6400000)
 ParOldGen       total 570880K, used 420979K [0x00000000a4a00000, 0x00000000c7780000, 0x00000000e1900000)
  object space 570880K, 73% used [0x00000000a4a00000,0x00000000be51ce40,0x00000000c7780000)
 Metaspace       used 6707K, capacity 6950K, committed 7168K, reserved 1056768K
  class space    used 819K, capacity 935K, committed 1024K, reserved 1048576K
}
Event: 9.855 GC heap before
{Heap before GC invocations=19 (full 6):
 PSYoungGen      total 334848K, used 238764K [0x00000000e1900000, 0x00000000fe780000, 0x0000000100000000)
  eden space 209408K, 100% used [0x00000000e1900000,0x00000000ee580000,0x00000000ee580000)
  from space 125440K, 23% used [0x00000000f6400000,0x00000000f80ab118,0x00000000fde80000)
  to   space 129536K, 0% used [0x00000000ee580000,0x00000000ee580000,0x00000000f6400000)
 ParOldGen       total 570880K, used 420979K [0x00000000a4a00000, 0x00000000c7780000, 0x00000000e1900000)
  object space 570880K, 73% used [0x00000000a4a00000,0x00000000be51ce40,0x00000000c7780000)
 Metaspace       used 6707K, capacity 6950K, committed 7168K, reserved 1056768K
  class space    used 819K, capacity 935K, committed 1024K, reserved 1048576K
Event: 9.937 GC heap after
Heap after GC invocations=19 (full 6):
 PSYoungGen      total 338944K, used 129536K [0x00000000e1900000, 0x0000000100000000, 0x0000000100000000)
  eden space 209408K, 0% used [0x00000000e1900000,0x00000000e1900000,0x00000000ee580000)
  from space 129536K, 100% used [0x00000000ee580000,0x00000000f6400000,0x00000000f6400000)
  to   space 159744K, 0% used [0x00000000f6400000,0x00000000f6400000,0x0000000100000000)
 ParOldGen       total 570880K, used 460640K [0x00000000a4a00000, 0x00000000c7780000, 0x00000000e1900000)
  object space 570880K, 80% used [0x00000000a4a00000,0x00000000c0bd8080,0x00000000c7780000)
 Metaspace       used 6707K, capacity 6950K, committed 7168K, reserved 1056768K
  class space    used 819K, capacity 935K, committed 1024K, reserved 1048576K
}
Event: 10.026 GC heap before
{Heap before GC invocations=20 (full 6):
 PSYoungGen      total 338944K, used 338944K [0x00000000e1900000, 0x0000000100000000, 0x0000000100000000)
  eden space 209408K, 100% used [0x00000000e1900000,0x00000000ee580000,0x00000000ee580000)
  from space 129536K, 100% used [0x00000000ee580000,0x00000000f6400000,0x00000000f6400000)
  to   space 159744K, 0% used [0x00000000f6400000,0x00000000f6400000,0x0000000100000000)
 ParOldGen       total 570880K, used 460640K [0x00000000a4a00000, 0x00000000c7780000, 0x00000000e1900000)
  object space 570880K, 80% used [0x00000000a4a00000,0x00000000c0bd8080,0x00000000c7780000)
 Metaspace       used 6707K, capacity 6950K, committed 7168K, reserved 1056768K
  class space    used 819K, capacity 935K, committed 1024K, reserved 1048576K
Event: 10.170 GC heap after
Heap after GC invocations=20 (full 6):
 PSYoungGen      total 326656K, used 135616K [0x00000000e1900000, 0x0000000100000000, 0x0000000100000000)
  eden space 166912K, 0% used [0x00000000e1900000,0x00000000e1900000,0x00000000ebc00000)
  from space 159744K, 84% used [0x00000000f6400000,0x00000000fe870000,0x0000000100000000)
  to   space 165888K, 0% used [0x00000000ebc00000,0x00000000ebc00000,0x00000000f5e00000)
 ParOldGen       total 570880K, used 553034K [0x00000000a4a00000, 0x00000000c7780000, 0x00000000e1900000)
  object space 570880K, 96% used [0x00000000a4a00000,0x00000000c6612b00,0x00000000c7780000)
 Metaspace       used 6707K, capacity 6950K, committed 7168K, reserved 1056768K
  class space    used 819K, capacity 935K, committed 1024K, reserved 1048576K
}
Event: 10.170 GC heap before
{Heap before GC invocations=21 (full 7):
 PSYoungGen      total 326656K, used 135616K [0x00000000e1900000, 0x0000000100000000, 0x0000000100000000)
  eden space 166912K, 0% used [0x00000000e1900000,0x00000000e1900000,0x00000000ebc00000)
  from space 159744K, 84% used [0x00000000f6400000,0x00000000fe870000,0x0000000100000000)
  to   space 165888K, 0% used [0x00000000ebc00000,0x00000000ebc00000,0x00000000f5e00000)
 ParOldGen       total 570880K, used 553034K [0x00000000a4a00000, 0x00000000c7780000, 0x00000000e1900000)
  object space 570880K, 96% used [0x00000000a4a00000,0x00000000c6612b00,0x00000000c7780000)
 Metaspace       used 6707K, capacity 6950K, committed 7168K, reserved 1056768K
  class space    used 819K, capacity 935K, committed 1024K, reserved 1048576K
Event: 10.311 GC heap after
Heap after GC invocations=21 (full 7):
 PSYoungGen      total 326656K, used 85026K [0x00000000e1900000, 0x0000000100000000, 0x0000000100000000)
  eden space 166912K, 0% used [0x00000000e1900000,0x00000000e1900000,0x00000000ebc00000)
  from space 159744K, 53% used [0x00000000f6400000,0x00000000fb708bd0,0x0000000100000000)
  to   space 165888K, 0% used [0x00000000ebc00000,0x00000000ebc00000,0x00000000f5e00000)
 ParOldGen       total 745984K, used 570657K [0x00000000a4a00000, 0x00000000d2280000, 0x00000000e1900000)
  object space 745984K, 76% used [0x00000000a4a00000,0x00000000c77487b8,0x00000000d2280000)
 Metaspace       used 6707K, capacity 6950K, committed 7168K, reserved 1056768K
  class space    used 819K, capacity 935K, committed 1024K, reserved 1048576K
}
Event: 10.376 GC heap before
{Heap before GC invocations=22 (full 7):
 PSYoungGen      total 326656K, used 251938K [0x00000000e1900000, 0x0000000100000000, 0x0000000100000000)
  eden space 166912K, 100% used [0x00000000e1900000,0x00000000ebc00000,0x00000000ebc00000)
  from space 159744K, 53% used [0x00000000f6400000,0x00000000fb708bd0,0x0000000100000000)
  to   space 165888K, 0% used [0x00000000ebc00000,0x00000000ebc00000,0x00000000f5e00000)
 ParOldGen       total 745984K, used 570657K [0x00000000a4a00000, 0x00000000d2280000, 0x00000000e1900000)
  object space 745984K, 76% used [0x00000000a4a00000,0x00000000c77487b8,0x00000000d2280000)
 Metaspace       used 6707K, capacity 6950K, committed 7168K, reserved 1056768K
  class space    used 819K, capacity 935K, committed 1024K, reserved 1048576K
Event: 10.459 GC heap after
Heap after GC invocations=22 (full 7):
 PSYoungGen      total 332800K, used 100849K [0x00000000e1900000, 0x0000000100000000, 0x0000000100000000)
  eden space 166912K, 0% used [0x00000000e1900000,0x00000000e1900000,0x00000000ebc00000)
  from space 165888K, 60% used [0x00000000ebc00000,0x00000000f1e7c518,0x00000000f5e00000)
  to   space 165888K, 0% used [0x00000000f5e00000,0x00000000f5e00000,0x0000000100000000)
 ParOldGen       total 745984K, used 655688K [0x00000000a4a00000, 0x00000000d2280000, 0x00000000e1900000)
  object space 745984K, 87% used [0x00000000a4a00000,0x00000000cca52378,0x00000000d2280000)
 Metaspace       used 6707K, capacity 6950K, committed 7168K, reserved 1056768K
  class space    used 819K, capacity 935K, committed 1024K, reserved 1048576K
}
Event: 10.459 GC heap before
{Heap before GC invocations=23 (full 8):
 PSYoungGen      total 332800K, used 100849K [0x00000000e1900000, 0x0000000100000000, 0x0000000100000000)
  eden space 166912K, 0% used [0x00000000e1900000,0x00000000e1900000,0x00000000ebc00000)
  from space 165888K, 60% used [0x00000000ebc00000,0x00000000f1e7c518,0x00000000f5e00000)
  to   space 165888K, 0% used [0x00000000f5e00000,0x00000000f5e00000,0x0000000100000000)
 ParOldGen       total 745984K, used 655688K [0x00000000a4a00000, 0x00000000d2280000, 0x00000000e1900000)
  object space 745984K, 87% used [0x00000000a4a00000,0x00000000cca52378,0x00000000d2280000)
 Metaspace       used 6707K, capacity 6950K, committed 7168K, reserved 1056768K
  class space    used 819K, capacity 935K, committed 1024K, reserved 1048576K

