# JRE version: Java(TM) SE Runtime Environment (8.0_111-b14) (build 1.8.0_111-b14)
# Java VM: Java HotSpot(TM) 64-Bit Server VM (25.111-b14 mixed mode linux-amd64 compressed oops)
Heap:
 PSYoungGen      total 332800K, used 5236K [0x00000000e1900000, 0x0000000100000000, 0x0000000100000000)
  eden space 166912K, 0% used [0x00000000e1900000,0x00000000e1900000,0x00000000ebc00000)
  from space 165888K, 3% used [0x00000000ebc00000,0x00000000ec11d088,0x00000000f5e00000)
  to   space 165888K, 0% used [0x00000000f5e00000,0x00000000f5e00000,0x0000000100000000)
 ParOldGen       total 724992K, used 724658K [0x00000000a4a00000, 0x00000000d0e00000, 0x00000000e1900000)
  object space 724992K, 99% used [0x00000000a4a00000,0x00000000d0dac8d0,0x00000000d0e00000)
 Metaspace       used 6716K, capacity 6950K, committed 7168K, reserved 1056768K
  class space    used 820K, capacity 935K, committed 1024K, reserved 1048576K
GC Heap History (10 events):
Event: 10.324 GC heap after
Heap after GC invocations=18 (full 6):
 PSYoungGen      total 330752K, used 27162K [0x00000000e1900000, 0x00000000fe000000, 0x0000000100000000)
  eden space 210432K, 0% used [0x00000000e1900000,0x00000000e1900000,0x00000000ee680000)
  from space 120320K, 22% used [0x00000000f6080000,0x00000000f7b068f8,0x00000000fd600000)
  to   space 124928K, 0% used [0x00000000ee680000,0x00000000ee680000,0x00000000f6080000)
 ParOldGen       total 557056K, used 414613K [0x00000000a4a00000, 0x00000000c6a00000, 0x00000000e1900000)
  object space 557056K, 74% used [0x00000000a4a00000,0x00000000bdee5730,0x00000000c6a00000)
 Metaspace       used 6716K, capacity 6950K, committed 7168K, reserved 1056768K
  class space    used 820K, capacity 935K, committed 1024K, reserved 1048576K
}
Event: 10.410 GC heap before
{Heap before GC invocations=19 (full 6):
 PSYoungGen      total 330752K, used 237594K [0x00000000e1900000, 0x00000000fe000000, 0x0000000100000000)
  eden space 210432K, 100% used [0x00000000e1900000,0x00000000ee680000,0x00000000ee680000)
  from space 120320K, 22% used [0x00000000f6080000,0x00000000f7b068f8,0x00000000fd600000)
  to   space 124928K, 0% used [0x00000000ee680000,0x00000000ee680000,0x00000000f6080000)
 ParOldGen       total 557056K, used 414613K [0x00000000a4a00000, 0x00000000c6a00000, 0x00000000e1900000)
  object space 557056K, 74% used [0x00000000a4a00000,0x00000000bdee5730,0x00000000c6a00000)
 Metaspace       used 6716K, capacity 6950K, committed 7168K, reserved 1056768K
  class space    used 820K, capacity 935K, committed 1024K, reserved 1048576K
Event: 10.469 GC heap after
Heap after GC invocations=19 (full 6):
 PSYoungGen      total 335360K, used 124928K [0x00000000e1900000, 0x0000000100000000, 0x0000000100000000)
  eden space 210432K, 0% used [0x00000000e1900000,0x00000000e1900000,0x00000000ee680000)
  from space 124928K, 100% used [0x00000000ee680000,0x00000000f6080000,0x00000000f6080000)
  to   space 158208K, 0% used [0x00000000f6580000,0x00000000f6580000,0x0000000100000000)
 ParOldGen       total 557056K, used 450256K [0x00000000a4a00000, 0x00000000c6a00000, 0x00000000e1900000)
  object space 557056K, 80% used [0x00000000a4a00000,0x00000000c01b40d0,0x00000000c6a00000)
 Metaspace       used 6716K, capacity 6950K, committed 7168K, reserved 1056768K
  class space    used 820K, capacity 935K, committed 1024K, reserved 1048576K
}
Event: 10.558 GC heap before
{Heap before GC invocations=20 (full 6):
 PSYoungGen      total 335360K, used 335360K [0x00000000e1900000, 0x0000000100000000, 0x0000000100000000)
  eden space 210432K, 100% used [0x00000000e1900000,0x00000000ee680000,0x00000000ee680000)
  from space 124928K, 100% used [0x00000000ee680000,0x00000000f6080000,0x00000000f6080000)
  to   space 158208K, 0% used [0x00000000f6580000,0x00000000f6580000,0x0000000100000000)
 ParOldGen       total 557056K, used 450256K [0x00000000a4a00000, 0x00000000c6a00000, 0x00000000e1900000)
  object space 557056K, 80% used [0x00000000a4a00000,0x00000000c01b40d0,0x00000000c6a00000)
 Metaspace       used 6716K, capacity 6950K, committed 7168K, reserved 1056768K
  class space    used 820K, capacity 935K, committed 1024K, reserved 1048576K
Event: 10.723 GC heap after
Heap after GC invocations=20 (full 6):
 PSYoungGen      total 325120K, used 137184K [0x00000000e1900000, 0x0000000100000000, 0x0000000100000000)
  eden space 166912K, 0% used [0x00000000e1900000,0x00000000e1900000,0x00000000ebc00000)
  from space 158208K, 86% used [0x00000000f6580000,0x00000000feb78000,0x0000000100000000)
  to   space 165888K, 0% used [0x00000000ebc00000,0x00000000ebc00000,0x00000000f5e00000)
 ParOldGen       total 557056K, used 544966K [0x00000000a4a00000, 0x00000000c6a00000, 0x00000000e1900000)
  object space 557056K, 97% used [0x00000000a4a00000,0x00000000c5e318e0,0x00000000c6a00000)
 Metaspace       used 6716K, capacity 6950K, committed 7168K, reserved 1056768K
  class space    used 820K, capacity 935K, committed 1024K, reserved 1048576K
}
Event: 10.723 GC heap before
{Heap before GC invocations=21 (full 7):
 PSYoungGen      total 325120K, used 137184K [0x00000000e1900000, 0x0000000100000000, 0x0000000100000000)
  eden space 166912K, 0% used [0x00000000e1900000,0x00000000e1900000,0x00000000ebc00000)
  from space 158208K, 86% used [0x00000000f6580000,0x00000000feb78000,0x0000000100000000)
  to   space 165888K, 0% used [0x00000000ebc00000,0x00000000ebc00000,0x00000000f5e00000)
 ParOldGen       total 557056K, used 544966K [0x00000000a4a00000, 0x00000000c6a00000, 0x00000000e1900000)
  object space 557056K, 97% used [0x00000000a4a00000,0x00000000c5e318e0,0x00000000c6a00000)
 Metaspace       used 6716K, capacity 6950K, committed 7168K, reserved 1056768K
  class space    used 820K, capacity 935K, committed 1024K, reserved 1048576K
Event: 10.902 GC heap after
Heap after GC invocations=21 (full 7):
 PSYoungGen      total 325120K, used 91214K [0x00000000e1900000, 0x0000000100000000, 0x0000000100000000)
  eden space 166912K, 0% used [0x00000000e1900000,0x00000000e1900000,0x00000000ebc00000)
  from space 158208K, 57% used [0x00000000f6580000,0x00000000fbe93a40,0x0000000100000000)
  to   space 165888K, 0% used [0x00000000ebc00000,0x00000000ebc00000,0x00000000f5e00000)
 ParOldGen       total 724992K, used 556949K [0x00000000a4a00000, 0x00000000d0e00000, 0x00000000e1900000)
  object space 724992K, 76% used [0x00000000a4a00000,0x00000000c69e56f8,0x00000000d0e00000)
 Metaspace       used 6716K, capacity 6950K, committed 7168K, reserved 1056768K
  class space    used 820K, capacity 935K, committed 1024K, reserved 1048576K
}
Event: 10.989 GC heap before
{Heap before GC invocations=22 (full 7):
 PSYoungGen      total 325120K, used 258126K [0x00000000e1900000, 0x0000000100000000, 0x0000000100000000)
  eden space 166912K, 100% used [0x00000000e1900000,0x00000000ebc00000,0x00000000ebc00000)
  from space 158208K, 57% used [0x00000000f6580000,0x00000000fbe93a40,0x0000000100000000)
  to   space 165888K, 0% used [0x00000000ebc00000,0x00000000ebc00000,0x00000000f5e00000)
 ParOldGen       total 724992K, used 556949K [0x00000000a4a00000, 0x00000000d0e00000, 0x00000000e1900000)
  object space 724992K, 76% used [0x00000000a4a00000,0x00000000c69e56f8,0x00000000d0e00000)
 Metaspace       used 6716K, capacity 6950K, committed 7168K, reserved 1056768K
  class space    used 820K, capacity 935K, committed 1024K, reserved 1048576K
Event: 11.079 GC heap after
Heap after GC invocations=22 (full 7):
 PSYoungGen      total 332800K, used 101425K [0x00000000e1900000, 0x0000000100000000, 0x0000000100000000)
  eden space 166912K, 0% used [0x00000000e1900000,0x00000000e1900000,0x00000000ebc00000)
  from space 165888K, 61% used [0x00000000ebc00000,0x00000000f1f0c518,0x00000000f5e00000)
  to   space 165888K, 0% used [0x00000000f5e00000,0x00000000f5e00000,0x0000000100000000)
 ParOldGen       total 724992K, used 648170K [0x00000000a4a00000, 0x00000000d0e00000, 0x00000000e1900000)
  object space 724992K, 89% used [0x00000000a4a00000,0x00000000cc2fabd8,0x00000000d0e00000)
 Metaspace       used 6716K, capacity 6950K, committed 7168K, reserved 1056768K
  class space    used 820K, capacity 935K, committed 1024K, reserved 1048576K
}
Event: 11.079 GC heap before
{Heap before GC invocations=23 (full 8):
 PSYoungGen      total 332800K, used 101425K [0x00000000e1900000, 0x0000000100000000, 0x0000000100000000)
  eden space 166912K, 0% used [0x00000000e1900000,0x00000000e1900000,0x00000000ebc00000)
  from space 165888K, 61% used [0x00000000ebc00000,0x00000000f1f0c518,0x00000000f5e00000)
  to   space 165888K, 0% used [0x00000000f5e00000,0x00000000f5e00000,0x0000000100000000)
 ParOldGen       total 724992K, used 648170K [0x00000000a4a00000, 0x00000000d0e00000, 0x00000000e1900000)
  object space 724992K, 89% used [0x00000000a4a00000,0x00000000cc2fabd8,0x00000000d0e00000)
 Metaspace       used 6716K, capacity 6950K, committed 7168K, reserved 1056768K
  class space    used 820K, capacity 935K, committed 1024K, reserved 1048576K

