# JRE version: Java(TM) SE Runtime Environment (8.0_111-b14) (build 1.8.0_111-b14)
# Java VM: Java HotSpot(TM) 64-Bit Server VM (25.111-b14 mixed mode linux-amd64 compressed oops)
Heap:
 PSYoungGen      total 332800K, used 56220K [0x00000000e1900000, 0x0000000100000000, 0x0000000100000000)
  eden space 166912K, 0% used [0x00000000e1900000,0x00000000e1900000,0x00000000ebc00000)
  from space 165888K, 33% used [0x00000000f5e00000,0x00000000f94e70c0,0x0000000100000000)
  to   space 165888K, 0% used [0x00000000ebc00000,0x00000000ebc00000,0x00000000f5e00000)
 ParOldGen       total 740864K, used 740430K [0x00000000a4a00000, 0x00000000d1d80000, 0x00000000e1900000)
  object space 740864K, 99% used [0x00000000a4a00000,0x00000000d1d139e0,0x00000000d1d80000)
 Metaspace       used 6723K, capacity 6958K, committed 7168K, reserved 1056768K
  class space    used 819K, capacity 935K, committed 1024K, reserved 1048576K
GC Heap History (10 events):
Event: 11.090 GC heap after
Heap after GC invocations=19 (full 6):
 PSYoungGen      total 324096K, used 122880K [0x00000000e1900000, 0x0000000100000000, 0x0000000100000000)
  eden space 201216K, 0% used [0x00000000e1900000,0x00000000e1900000,0x00000000edd80000)
  from space 122880K, 100% used [0x00000000edd80000,0x00000000f5580000,0x00000000f5580000)
  to   space 150528K, 0% used [0x00000000f6d00000,0x00000000f6d00000,0x0000000100000000)
 ParOldGen       total 567296K, used 441903K [0x00000000a4a00000, 0x00000000c7400000, 0x00000000e1900000)
  object space 567296K, 77% used [0x00000000a4a00000,0x00000000bf98be08,0x00000000c7400000)
 Metaspace       used 6723K, capacity 6958K, committed 7168K, reserved 1056768K
  class space    used 819K, capacity 935K, committed 1024K, reserved 1048576K
}
Event: 11.174 GC heap before
{Heap before GC invocations=20 (full 6):
 PSYoungGen      total 324096K, used 324096K [0x00000000e1900000, 0x0000000100000000, 0x0000000100000000)
  eden space 201216K, 100% used [0x00000000e1900000,0x00000000edd80000,0x00000000edd80000)
  from space 122880K, 100% used [0x00000000edd80000,0x00000000f5580000,0x00000000f5580000)
  to   space 150528K, 0% used [0x00000000f6d00000,0x00000000f6d00000,0x0000000100000000)
 ParOldGen       total 567296K, used 441903K [0x00000000a4a00000, 0x00000000c7400000, 0x00000000e1900000)
  object space 567296K, 77% used [0x00000000a4a00000,0x00000000bf98be08,0x00000000c7400000)
 Metaspace       used 6723K, capacity 6958K, committed 7168K, reserved 1056768K
  class space    used 819K, capacity 935K, committed 1024K, reserved 1048576K
Event: 11.281 GC heap after
Heap after GC invocations=20 (full 6):
 PSYoungGen      total 317440K, used 132576K [0x00000000e1900000, 0x0000000100000000, 0x0000000100000000)
  eden space 166912K, 0% used [0x00000000e1900000,0x00000000e1900000,0x00000000ebc00000)
  from space 150528K, 88% used [0x00000000f6d00000,0x00000000fee78000,0x0000000100000000)
  to   space 165888K, 0% used [0x00000000ebc00000,0x00000000ebc00000,0x00000000f5e00000)
 ParOldGen       total 567296K, used 534446K [0x00000000a4a00000, 0x00000000c7400000, 0x00000000e1900000)
  object space 567296K, 94% used [0x00000000a4a00000,0x00000000c53eb8b0,0x00000000c7400000)
 Metaspace       used 6723K, capacity 6958K, committed 7168K, reserved 1056768K
  class space    used 819K, capacity 935K, committed 1024K, reserved 1048576K
}
Event: 11.281 GC heap before
{Heap before GC invocations=21 (full 7):
 PSYoungGen      total 317440K, used 132576K [0x00000000e1900000, 0x0000000100000000, 0x0000000100000000)
  eden space 166912K, 0% used [0x00000000e1900000,0x00000000e1900000,0x00000000ebc00000)
  from space 150528K, 88% used [0x00000000f6d00000,0x00000000fee78000,0x0000000100000000)
  to   space 165888K, 0% used [0x00000000ebc00000,0x00000000ebc00000,0x00000000f5e00000)
 ParOldGen       total 567296K, used 534446K [0x00000000a4a00000, 0x00000000c7400000, 0x00000000e1900000)
  object space 567296K, 94% used [0x00000000a4a00000,0x00000000c53eb8b0,0x00000000c7400000)
 Metaspace       used 6723K, capacity 6958K, committed 7168K, reserved 1056768K
  class space    used 819K, capacity 935K, committed 1024K, reserved 1048576K
Event: 11.399 GC heap after
Heap after GC invocations=21 (full 7):
 PSYoungGen      total 317440K, used 66132K [0x00000000e1900000, 0x0000000100000000, 0x0000000100000000)
  eden space 166912K, 0% used [0x00000000e1900000,0x00000000e1900000,0x00000000ebc00000)
  from space 150528K, 43% used [0x00000000f6d00000,0x00000000fad95218,0x0000000100000000)
  to   space 165888K, 0% used [0x00000000ebc00000,0x00000000ebc00000,0x00000000f5e00000)
 ParOldGen       total 740864K, used 566945K [0x00000000a4a00000, 0x00000000d1d80000, 0x00000000e1900000)
  object space 740864K, 76% used [0x00000000a4a00000,0x00000000c73a8710,0x00000000d1d80000)
 Metaspace       used 6723K, capacity 6958K, committed 7168K, reserved 1056768K
  class space    used 819K, capacity 935K, committed 1024K, reserved 1048576K
}
Event: 11.476 GC heap before
{Heap before GC invocations=22 (full 7):
 PSYoungGen      total 317440K, used 233044K [0x00000000e1900000, 0x0000000100000000, 0x0000000100000000)
  eden space 166912K, 100% used [0x00000000e1900000,0x00000000ebc00000,0x00000000ebc00000)
  from space 150528K, 43% used [0x00000000f6d00000,0x00000000fad95218,0x0000000100000000)
  to   space 165888K, 0% used [0x00000000ebc00000,0x00000000ebc00000,0x00000000f5e00000)
 ParOldGen       total 740864K, used 566945K [0x00000000a4a00000, 0x00000000d1d80000, 0x00000000e1900000)
  object space 740864K, 76% used [0x00000000a4a00000,0x00000000c73a8710,0x00000000d1d80000)
 Metaspace       used 6723K, capacity 6958K, committed 7168K, reserved 1056768K
  class space    used 819K, capacity 935K, committed 1024K, reserved 1048576K
Event: 11.536 GC heap after
Heap after GC invocations=22 (full 7):
 PSYoungGen      total 332800K, used 102545K [0x00000000e1900000, 0x0000000100000000, 0x0000000100000000)
  eden space 166912K, 0% used [0x00000000e1900000,0x00000000e1900000,0x00000000ebc00000)
  from space 165888K, 61% used [0x00000000ebc00000,0x00000000f2024518,0x00000000f5e00000)
  to   space 165888K, 0% used [0x00000000f5e00000,0x00000000f5e00000,0x0000000100000000)
 ParOldGen       total 740864K, used 633090K [0x00000000a4a00000, 0x00000000d1d80000, 0x00000000e1900000)
  object space 740864K, 85% used [0x00000000a4a00000,0x00000000cb4409a0,0x00000000d1d80000)
 Metaspace       used 6723K, capacity 6958K, committed 7168K, reserved 1056768K
  class space    used 819K, capacity 935K, committed 1024K, reserved 1048576K
}
Event: 11.617 GC heap before
{Heap before GC invocations=23 (full 7):
 PSYoungGen      total 332800K, used 269457K [0x00000000e1900000, 0x0000000100000000, 0x0000000100000000)
  eden space 166912K, 100% used [0x00000000e1900000,0x00000000ebc00000,0x00000000ebc00000)
  from space 165888K, 61% used [0x00000000ebc00000,0x00000000f2024518,0x00000000f5e00000)
  to   space 165888K, 0% used [0x00000000f5e00000,0x00000000f5e00000,0x0000000100000000)
 ParOldGen       total 740864K, used 633090K [0x00000000a4a00000, 0x00000000d1d80000, 0x00000000e1900000)
  object space 740864K, 85% used [0x00000000a4a00000,0x00000000cb4409a0,0x00000000d1d80000)
 Metaspace       used 6723K, capacity 6958K, committed 7168K, reserved 1056768K
  class space    used 819K, capacity 935K, committed 1024K, reserved 1048576K
Event: 11.708 GC heap after
Heap after GC invocations=23 (full 7):
 PSYoungGen      total 332800K, used 96608K [0x00000000e1900000, 0x0000000100000000, 0x0000000100000000)
  eden space 166912K, 0% used [0x00000000e1900000,0x00000000e1900000,0x00000000ebc00000)
  from space 165888K, 58% used [0x00000000f5e00000,0x00000000fbc58000,0x0000000100000000)
  to   space 165888K, 0% used [0x00000000ebc00000,0x00000000ebc00000,0x00000000f5e00000)
 ParOldGen       total 740864K, used 715250K [0x00000000a4a00000, 0x00000000d1d80000, 0x00000000e1900000)
  object space 740864K, 96% used [0x00000000a4a00000,0x00000000d047cab8,0x00000000d1d80000)
 Metaspace       used 6723K, capacity 6958K, committed 7168K, reserved 1056768K
  class space    used 819K, capacity 935K, committed 1024K, reserved 1048576K
}
Event: 11.708 GC heap before
{Heap before GC invocations=24 (full 8):
 PSYoungGen      total 332800K, used 96608K [0x00000000e1900000, 0x0000000100000000, 0x0000000100000000)
  eden space 166912K, 0% used [0x00000000e1900000,0x00000000e1900000,0x00000000ebc00000)
  from space 165888K, 58% used [0x00000000f5e00000,0x00000000fbc58000,0x0000000100000000)
  to   space 165888K, 0% used [0x00000000ebc00000,0x00000000ebc00000,0x00000000f5e00000)
 ParOldGen       total 740864K, used 715250K [0x00000000a4a00000, 0x00000000d1d80000, 0x00000000e1900000)
  object space 740864K, 96% used [0x00000000a4a00000,0x00000000d047cab8,0x00000000d1d80000)
 Metaspace       used 6723K, capacity 6958K, committed 7168K, reserved 1056768K
  class space    used 819K, capacity 935K, committed 1024K, reserved 1048576K

