# JRE version: Java(TM) SE Runtime Environment (8.0_111-b14) (build 1.8.0_111-b14)
# Java VM: Java HotSpot(TM) 64-Bit Server VM (25.111-b14 mixed mode linux-amd64 compressed oops)
Heap:
 PSYoungGen      total 332800K, used 3786K [0x00000000e1900000, 0x0000000100000000, 0x0000000100000000)
  eden space 166912K, 0% used [0x00000000e1900000,0x00000000e1900000,0x00000000ebc00000)
  from space 165888K, 2% used [0x00000000f5e00000,0x00000000f61b2ba8,0x0000000100000000)
  to   space 165888K, 0% used [0x00000000ebc00000,0x00000000ebc00000,0x00000000f5e00000)
 ParOldGen       total 781824K, used 781511K [0x00000000a4a00000, 0x00000000d4580000, 0x00000000e1900000)
  object space 781824K, 99% used [0x00000000a4a00000,0x00000000d4531c90,0x00000000d4580000)
 Metaspace       used 6708K, capacity 6950K, committed 7168K, reserved 1056768K
  class space    used 819K, capacity 935K, committed 1024K, reserved 1048576K
GC Heap History (10 events):
Event: 6.256 GC heap after
Heap after GC invocations=19 (full 6):
 PSYoungGen      total 314368K, used 91472K [0x00000000e1900000, 0x0000000100000000, 0x0000000100000000)
  eden space 195584K, 0% used [0x00000000e1900000,0x00000000e1900000,0x00000000ed800000)
  from space 118784K, 77% used [0x00000000ed800000,0x00000000f3154310,0x00000000f4c00000)
  to   space 165376K, 0% used [0x00000000f5e80000,0x00000000f5e80000,0x0000000100000000)
 ParOldGen       total 594944K, used 434368K [0x00000000a4a00000, 0x00000000c8f00000, 0x00000000e1900000)
  object space 594944K, 73% used [0x00000000a4a00000,0x00000000bf230008,0x00000000c8f00000)
 Metaspace       used 6708K, capacity 6950K, committed 7168K, reserved 1056768K
  class space    used 819K, capacity 935K, committed 1024K, reserved 1048576K
}
Event: 6.354 GC heap before
{Heap before GC invocations=20 (full 6):
 PSYoungGen      total 314368K, used 287056K [0x00000000e1900000, 0x0000000100000000, 0x0000000100000000)
  eden space 195584K, 100% used [0x00000000e1900000,0x00000000ed800000,0x00000000ed800000)
  from space 118784K, 77% used [0x00000000ed800000,0x00000000f3154310,0x00000000f4c00000)
  to   space 165376K, 0% used [0x00000000f5e80000,0x00000000f5e80000,0x0000000100000000)
 ParOldGen       total 594944K, used 434368K [0x00000000a4a00000, 0x00000000c8f00000, 0x00000000e1900000)
  object space 594944K, 73% used [0x00000000a4a00000,0x00000000bf230008,0x00000000c8f00000)
 Metaspace       used 6708K, capacity 6950K, committed 7168K, reserved 1056768K
  class space    used 819K, capacity 935K, committed 1024K, reserved 1048576K
Event: 6.535 GC heap after
Heap after GC invocations=20 (full 6):
 PSYoungGen      total 332288K, used 130016K [0x00000000e1900000, 0x0000000100000000, 0x0000000100000000)
  eden space 166912K, 0% used [0x00000000e1900000,0x00000000e1900000,0x00000000ebc00000)
  from space 165376K, 78% used [0x00000000f5e80000,0x00000000fdd78000,0x0000000100000000)
  to   space 165888K, 0% used [0x00000000ebc00000,0x00000000ebc00000,0x00000000f5e00000)
 ParOldGen       total 594944K, used 525845K [0x00000000a4a00000, 0x00000000c8f00000, 0x00000000e1900000)
  object space 594944K, 88% used [0x00000000a4a00000,0x00000000c4b85668,0x00000000c8f00000)
 Metaspace       used 6708K, capacity 6950K, committed 7168K, reserved 1056768K
  class space    used 819K, capacity 935K, committed 1024K, reserved 1048576K
}
Event: 6.535 GC heap before
{Heap before GC invocations=21 (full 7):
 PSYoungGen      total 332288K, used 130016K [0x00000000e1900000, 0x0000000100000000, 0x0000000100000000)
  eden space 166912K, 0% used [0x00000000e1900000,0x00000000e1900000,0x00000000ebc00000)
  from space 165376K, 78% used [0x00000000f5e80000,0x00000000fdd78000,0x0000000100000000)
  to   space 165888K, 0% used [0x00000000ebc00000,0x00000000ebc00000,0x00000000f5e00000)
 ParOldGen       total 594944K, used 525845K [0x00000000a4a00000, 0x00000000c8f00000, 0x00000000e1900000)
  object space 594944K, 88% used [0x00000000a4a00000,0x00000000c4b85668,0x00000000c8f00000)
 Metaspace       used 6708K, capacity 6950K, committed 7168K, reserved 1056768K
  class space    used 819K, capacity 935K, committed 1024K, reserved 1048576K
Event: 6.659 GC heap after
Heap after GC invocations=21 (full 7):
 PSYoungGen      total 332288K, used 27091K [0x00000000e1900000, 0x0000000100000000, 0x0000000100000000)
  eden space 166912K, 0% used [0x00000000e1900000,0x00000000e1900000,0x00000000ebc00000)
  from space 165376K, 16% used [0x00000000f5e80000,0x00000000f78f4c48,0x0000000100000000)
  to   space 165888K, 0% used [0x00000000ebc00000,0x00000000ebc00000,0x00000000f5e00000)
 ParOldGen       total 781824K, used 594642K [0x00000000a4a00000, 0x00000000d4580000, 0x00000000e1900000)
  object space 781824K, 76% used [0x00000000a4a00000,0x00000000c8eb48f0,0x00000000d4580000)
 Metaspace       used 6708K, capacity 6950K, committed 7168K, reserved 1056768K
  class space    used 819K, capacity 935K, committed 1024K, reserved 1048576K
}
Event: 6.945 GC heap before
{Heap before GC invocations=22 (full 7):
 PSYoungGen      total 332288K, used 194003K [0x00000000e1900000, 0x0000000100000000, 0x0000000100000000)
  eden space 166912K, 100% used [0x00000000e1900000,0x00000000ebc00000,0x00000000ebc00000)
  from space 165376K, 16% used [0x00000000f5e80000,0x00000000f78f4c48,0x0000000100000000)
  to   space 165888K, 0% used [0x00000000ebc00000,0x00000000ebc00000,0x00000000f5e00000)
 ParOldGen       total 781824K, used 594642K [0x00000000a4a00000, 0x00000000d4580000, 0x00000000e1900000)
  object space 781824K, 76% used [0x00000000a4a00000,0x00000000c8eb48f0,0x00000000d4580000)
 Metaspace       used 6708K, capacity 6950K, committed 7168K, reserved 1056768K
  class space    used 819K, capacity 935K, committed 1024K, reserved 1048576K
Event: 7.222 GC heap after
Heap after GC invocations=22 (full 7):
 PSYoungGen      total 332800K, used 103441K [0x00000000e1900000, 0x0000000100000000, 0x0000000100000000)
  eden space 166912K, 0% used [0x00000000e1900000,0x00000000e1900000,0x00000000ebc00000)
  from space 165888K, 62% used [0x00000000ebc00000,0x00000000f2104518,0x00000000f5e00000)
  to   space 165888K, 0% used [0x00000000f5e00000,0x00000000f5e00000,0x0000000100000000)
 ParOldGen       total 781824K, used 621736K [0x00000000a4a00000, 0x00000000d4580000, 0x00000000e1900000)
  object space 781824K, 79% used [0x00000000a4a00000,0x00000000ca92a3d8,0x00000000d4580000)
 Metaspace       used 6708K, capacity 6950K, committed 7168K, reserved 1056768K
  class space    used 819K, capacity 935K, committed 1024K, reserved 1048576K
}
Event: 7.292 GC heap before
{Heap before GC invocations=23 (full 7):
 PSYoungGen      total 332800K, used 270353K [0x00000000e1900000, 0x0000000100000000, 0x0000000100000000)
  eden space 166912K, 100% used [0x00000000e1900000,0x00000000ebc00000,0x00000000ebc00000)
  from space 165888K, 62% used [0x00000000ebc00000,0x00000000f2104518,0x00000000f5e00000)
  to   space 165888K, 0% used [0x00000000f5e00000,0x00000000f5e00000,0x0000000100000000)
 ParOldGen       total 781824K, used 621736K [0x00000000a4a00000, 0x00000000d4580000, 0x00000000e1900000)
  object space 781824K, 79% used [0x00000000a4a00000,0x00000000ca92a3d8,0x00000000d4580000)
 Metaspace       used 6708K, capacity 6950K, committed 7168K, reserved 1056768K
  class space    used 819K, capacity 935K, committed 1024K, reserved 1048576K
Event: 7.360 GC heap after
Heap after GC invocations=23 (full 7):
 PSYoungGen      total 332800K, used 97312K [0x00000000e1900000, 0x0000000100000000, 0x0000000100000000)
  eden space 166912K, 0% used [0x00000000e1900000,0x00000000e1900000,0x00000000ebc00000)
  from space 165888K, 58% used [0x00000000f5e00000,0x00000000fbd08000,0x0000000100000000)
  to   space 165888K, 0% used [0x00000000ebc00000,0x00000000ebc00000,0x00000000f5e00000)
 ParOldGen       total 781824K, used 703914K [0x00000000a4a00000, 0x00000000d4580000, 0x00000000e1900000)
  object space 781824K, 90% used [0x00000000a4a00000,0x00000000cf96a8b0,0x00000000d4580000)
 Metaspace       used 6708K, capacity 6950K, committed 7168K, reserved 1056768K
  class space    used 819K, capacity 935K, committed 1024K, reserved 1048576K
}
Event: 7.360 GC heap before
{Heap before GC invocations=24 (full 8):
 PSYoungGen      total 332800K, used 97312K [0x00000000e1900000, 0x0000000100000000, 0x0000000100000000)
  eden space 166912K, 0% used [0x00000000e1900000,0x00000000e1900000,0x00000000ebc00000)
  from space 165888K, 58% used [0x00000000f5e00000,0x00000000fbd08000,0x0000000100000000)
  to   space 165888K, 0% used [0x00000000ebc00000,0x00000000ebc00000,0x00000000f5e00000)
 ParOldGen       total 781824K, used 703914K [0x00000000a4a00000, 0x00000000d4580000, 0x00000000e1900000)
  object space 781824K, 90% used [0x00000000a4a00000,0x00000000cf96a8b0,0x00000000d4580000)
 Metaspace       used 6708K, capacity 6950K, committed 7168K, reserved 1056768K
  class space    used 819K, capacity 935K, committed 1024K, reserved 1048576K

